This is pdfTeX, Version 3.14159265-2.6-1.40.18 (TeX Live 2017/W32TeX) (preloaded format=pdflatex 2018.1.3)  22 MAR 2019 19:37
entering extended mode
 restricted \write18 enabled.
 file:line:error style messages enabled.
 %&-line parsing enabled.
**c:/ProgramData/isablle/Isabelle2018/utp-main-master/contrib/Optics/document/root.tex
(c:/ProgramData/isablle/Isabelle2018/utp-main-master/contrib/Optics/document/root.tex
LaTeX2e <2017-04-15>
Babel <3.15> and hyphenation patterns for 84 language(s) loaded.
(c:/texlive/2017/texmf-dist/tex/latex/base/article.cls
Document Class: article 2014/09/29 v1.4h Standard LaTeX document class
(c:/texlive/2017/texmf-dist/tex/latex/base/size11.clo
File: size11.clo 2014/09/29 v1.4h Standard LaTeX file (size option)
)
\c@part=\count79
\c@section=\count80
\c@subsection=\count81
\c@subsubsection=\count82
\c@paragraph=\count83
\c@subparagraph=\count84
\c@figure=\count85
\c@table=\count86
\abovecaptionskip=\skip41
\belowcaptionskip=\skip42
\bibindent=\dimen102
)

! LaTeX Error: File `isabelle.sty' not found.

Type X to quit or <RETURN> to proceed,
or enter new name. (Default extension: sty)

Enter file name: 
c:/ProgramData/isablle/Isabelle2018/utp-main-master/contrib/Optics/document/root.tex:3: Emergency stop.
<read *> 
         
l.3 \usepackage
               {fullpage}^^M
*** (cannot \read from terminal in nonstop modes)

 
Here is how much of TeX's memory you used:
 201 strings out of 492985
 2438 string characters out of 6136285
 54187 words of memory out of 5000000
 3854 multiletter control sequences out of 15000+600000
 3940 words of font info for 15 fonts, out of 8000000 for 9000
 1141 hyphenation exceptions out of 8191
 21i,0n,19p,219b,36s stack positions out of 5000i,500n,10000p,200000b,80000s
c:/ProgramData/isablle/Isabelle2018/utp-main-master/contrib/Optics/document/root.tex:3:  ==> Fatal error occurred, no output PDF file produced!
